<?xml version="1.0" encoding="UTF-8"?>
<!-- Generated by org.testng.reporters.JUnitReportReporter -->
<testsuite hostname="Amrutha" failures="0" tests="1" name="Scenario.EndToEndScenario" time="30.558" errors="0" timestamp="2024-06-14T11:21:37 IST" skipped="0">
  <testcase classname="Scenario.EndToEndScenario" name="Flight" time="30.558"/>
  <system-out/>
</testsuite> <!-- Scenario.EndToEndScenario -->
